%このファイルは日本語文字を含みます.
\BOOKMARK [0][-]{part.1}{第I部 ミクロカノニカルアンサンブル}{}% 1
\BOOKMARK [1][-]{section.1}{平衡状態の本質}{part.1}% 2
\BOOKMARK [2][-]{subsection.1.1}{等重率の原理}{section.1}% 3
\BOOKMARK [1][-]{section.2}{小正準集合の方法}{part.1}% 4
\BOOKMARK [2][-]{subsection.2.1}{ミクロカノニカルアンサンブル}{section.2}% 5
\BOOKMARK [2][-]{subsection.2.2}{微視的状態数と分布関数}{section.2}% 6
\BOOKMARK [2][-]{subsection.2.3}{状態数W\(N,V,E\)とエントロピー}{section.2}% 7
\BOOKMARK [0][-]{part.2}{第II部 古典的カノニカル集団}{}% 8
\BOOKMARK [1][-]{section.3}{全系の熱平衡と部分系の熱平衡}{part.2}% 9
\BOOKMARK [2][-]{subsection.3.1}{問題設定}{section.3}% 10
\BOOKMARK [2][-]{subsection.3.2}{部分系の確率分布について}{section.3}% 11
\BOOKMARK [2][-]{subsection.3.3}{カノニカル分布の導出}{section.3}% 12
\BOOKMARK [2][-]{subsection.3.4}{}{section.3}% 13
\BOOKMARK [0][-]{part.3}{第III部 grand canonical distribution}{}% 14
\BOOKMARK [1][-]{section.4}{大正準集合（グランドカノニカルアンサンブル）の方法}{part.3}% 15
\BOOKMARK [2][-]{subsection.4.1}{}{section.4}% 16
\BOOKMARK [0][-]{part.4}{第IV部 }{}% 17
\BOOKMARK [1][-]{section.5}{平衡状態の本質}{part.4}% 18
\BOOKMARK [2][-]{subsection.5.1}{等重率の原理}{section.5}% 19
\BOOKMARK [1][-]{section.6}{小正準集合の方法}{part.4}% 20
\BOOKMARK [2][-]{subsection.6.1}{ミクロカノニカルアンサンブル}{section.6}% 21
\BOOKMARK [2][-]{subsection.6.2}{状態数W\(N,V,E\)とエントロピー}{section.6}% 22
\BOOKMARK [0][-]{part.5}{第V部 }{}% 23
\BOOKMARK [1][-]{section.7}{Bose-Einstein分布の導出}{part.5}% 24
\BOOKMARK [2][-]{subsection.7.1}{粒子の識別不可能性とBose粒子のばらまき方}{section.7}% 25
\BOOKMARK [2][-]{subsection.7.2}{自由ボソンの状態密度}{section.7}% 26
\BOOKMARK [2][-]{subsection.7.3}{ミクロカノニカル集団とBoltzmannの原理}{section.7}% 27
\BOOKMARK [2][-]{subsection.7.4}{エントロピーと最大化の方法}{section.7}% 28
\BOOKMARK [2][-]{subsection.7.5}{Bose-Einstein分布}{section.7}% 29
\BOOKMARK [1][-]{section.8}{グランドカノニカル集団}{part.5}% 30
\BOOKMARK [2][-]{subsection.8.1}{グランドカノニカル分布と大分配関数}{section.8}% 31
\BOOKMARK [2][-]{subsection.8.2}{グランドカノニカル集団の熱力学ポテンシャル}{section.8}% 32
\BOOKMARK [2][-]{subsection.8.3}{バルク極限（熱力学的極）に関する注意点}{section.8}% 33
